action: GLOB, msg: packaging
cwd: C:\Users\niteris\dev\vidcrawler
cmd: 'c:\users\niteris\appdata\local\programs\python\python38\python.exe' setup.py sdist --formats=zip --dist-dir '.tox\dist'
running sdist
running egg_info
writing vidcrawler.egg-info\PKG-INFO
writing dependency_links to vidcrawler.egg-info\dependency_links.txt
writing requirements to vidcrawler.egg-info\requires.txt
writing top-level names to vidcrawler.egg-info\top_level.txt
reading manifest file 'vidcrawler.egg-info\SOURCES.txt'
reading manifest template 'MANIFEST.in'
writing manifest file 'vidcrawler.egg-info\SOURCES.txt'
running check
creating vidcrawler-1.0.0
creating vidcrawler-1.0.0\vidcrawler
creating vidcrawler-1.0.0\vidcrawler.egg-info
copying files to vidcrawler-1.0.0...
copying MANIFEST.in -> vidcrawler-1.0.0
copying README.md -> vidcrawler-1.0.0
copying requirements.testing.txt -> vidcrawler-1.0.0
copying requirements.txt -> vidcrawler-1.0.0
copying setup.py -> vidcrawler-1.0.0
copying vidcrawler\__init__.py -> vidcrawler-1.0.0\vidcrawler
copying vidcrawler\version.py -> vidcrawler-1.0.0\vidcrawler
copying vidcrawler.egg-info\PKG-INFO -> vidcrawler-1.0.0\vidcrawler.egg-info
copying vidcrawler.egg-info\SOURCES.txt -> vidcrawler-1.0.0\vidcrawler.egg-info
copying vidcrawler.egg-info\dependency_links.txt -> vidcrawler-1.0.0\vidcrawler.egg-info
copying vidcrawler.egg-info\requires.txt -> vidcrawler-1.0.0\vidcrawler.egg-info
copying vidcrawler.egg-info\top_level.txt -> vidcrawler-1.0.0\vidcrawler.egg-info
Writing vidcrawler-1.0.0\setup.cfg
creating '.tox\dist\vidcrawler-1.0.0.zip' and adding 'vidcrawler-1.0.0' to it
adding 'vidcrawler-1.0.0'
adding 'vidcrawler-1.0.0\vidcrawler'
adding 'vidcrawler-1.0.0\vidcrawler.egg-info'
adding 'vidcrawler-1.0.0\MANIFEST.in'
adding 'vidcrawler-1.0.0\PKG-INFO'
adding 'vidcrawler-1.0.0\README.md'
adding 'vidcrawler-1.0.0\requirements.testing.txt'
adding 'vidcrawler-1.0.0\requirements.txt'
adding 'vidcrawler-1.0.0\setup.cfg'
adding 'vidcrawler-1.0.0\setup.py'
adding 'vidcrawler-1.0.0\vidcrawler\version.py'
adding 'vidcrawler-1.0.0\vidcrawler\__init__.py'
adding 'vidcrawler-1.0.0\vidcrawler.egg-info\dependency_links.txt'
adding 'vidcrawler-1.0.0\vidcrawler.egg-info\PKG-INFO'
adding 'vidcrawler-1.0.0\vidcrawler.egg-info\requires.txt'
adding 'vidcrawler-1.0.0\vidcrawler.egg-info\SOURCES.txt'
adding 'vidcrawler-1.0.0\vidcrawler.egg-info\top_level.txt'
removing 'vidcrawler-1.0.0' (and everything under it)
